生成启动时间为 2015/3/10 0:19:35。
     1>项目“E:\work\论文\Algorithm\Algorithm\Algorithm.vcxproj”在节点 2 上(Build 个目标)。
     1>ClCompile:
         C:\Program Files (x86)\VC\bin\CL.exe /c /Zi /nologo /W3 /WX- /sdl /O2 /Oi /Oy- /GL /D _MBCS /Gm- /EHsc /MD /GS /Gy /fp:precise /Zc:wchar_t /Zc:forScope /Fo"Release\\" /Fd"Release\vc120.pdb" /Gd /TP /analyze- /errorReport:prompt main.cpp
         main.cpp
       Link:
         C:\Program Files (x86)\VC\bin\link.exe /ERRORREPORT:PROMPT /OUT:"E:\work\论文\Algorithm\Release\Algorithm.exe" /NOLOGO kernel32.lib user32.lib gdi32.lib winspool.lib comdlg32.lib advapi32.lib shell32.lib ole32.lib oleaut32.lib uuid.lib odbc32.lib odbccp32.lib /MANIFEST /MANIFESTUAC:"level='asInvoker' uiAccess='false'" /manifest:embed /DEBUG /PDB:"E:\work\论文\Algorithm\Release\Algorithm.pdb" /OPT:REF /OPT:ICF /LTCG /TLBID:1 /DYNAMICBASE /NXCOMPAT /IMPLIB:"E:\work\论文\Algorithm\Release\Algorithm.lib" /MACHINE:X86 /SAFESEH Release\BiasSvd.obj
         Release\ClusterSvdPlusPlus.obj
         Release\ClusterSvdPPBase.obj
         Release\CreateItemKind.obj
         Release\ItemCluster.obj
         Release\ItemInfo.obj
         Release\ItemSimilarity.obj
         Release\Lfm.obj
         Release\FileInit.obj
         Release\LogInit.obj
         Release\main.obj
         Release\MyException.obj
         Release\ParameterAdjust.obj
         Release\SvdPlusPlus.obj
         Release\UserCluster.obj
         Release\UserInfo.obj
         Release\UserSimilarity.obj
         正在生成代码
         已完成代码的生成
         Algorithm.vcxproj -> E:\work\论文\Algorithm\Release\Algorithm.exe
     1>已完成生成项目“E:\work\论文\Algorithm\Algorithm\Algorithm.vcxproj”(Build 个目标)的操作。

生成成功。

已用时间 00:00:02.16
